[DEBUG] 2017-02-21 11:33:41.605 [main] MainAppProperties - This is a debug message
[INFO ] 2017-02-21 11:33:41.606 [main] MainAppProperties - This is an info message
[WARN ] 2017-02-21 11:33:41.606 [main] MainAppProperties - This is a warn message
[ERROR] 2017-02-21 11:33:41.606 [main] MainAppProperties - This is an error message
[FATAL] 2017-02-21 11:33:41.606 [main] MainAppProperties - This is a fatal message
[DEBUG] 2017-02-21 11:37:59.288 [main] MainTest - Debug Message Logged !!!
[INFO ] 2017-02-21 11:37:59.289 [main] MainTest - Info Message Logged !!!
[ERROR] 2017-02-21 11:37:59.289 [main] MainTest - Error Message Logged !!!
java.lang.NullPointerException: NullError
	at br.com.nuvemapp.exemplolog4j2.MainTest.testOne(MainTest.java:23) [test-classes/:?]
	at sun.reflect.NativeMethodAccessorImpl.invoke0(Native Method) ~[?:1.8.0_121]
	at sun.reflect.NativeMethodAccessorImpl.invoke(NativeMethodAccessorImpl.java:62) ~[?:1.8.0_121]
	at sun.reflect.DelegatingMethodAccessorImpl.invoke(DelegatingMethodAccessorImpl.java:43) ~[?:1.8.0_121]
	at java.lang.reflect.Method.invoke(Method.java:498) ~[?:1.8.0_121]
	at org.junit.runners.model.FrameworkMethod$1.runReflectiveCall(FrameworkMethod.java:50) [junit-4.12.jar:4.12]
	at org.junit.internal.runners.model.ReflectiveCallable.run(ReflectiveCallable.java:12) [junit-4.12.jar:4.12]
	at org.junit.runners.model.FrameworkMethod.invokeExplosively(FrameworkMethod.java:47) [junit-4.12.jar:4.12]
	at org.junit.internal.runners.statements.InvokeMethod.evaluate(InvokeMethod.java:17) [junit-4.12.jar:4.12]
	at org.junit.runners.ParentRunner.runLeaf(ParentRunner.java:325) [junit-4.12.jar:4.12]
	at org.junit.runners.BlockJUnit4ClassRunner.runChild(BlockJUnit4ClassRunner.java:78) [junit-4.12.jar:4.12]
	at org.junit.runners.BlockJUnit4ClassRunner.runChild(BlockJUnit4ClassRunner.java:57) [junit-4.12.jar:4.12]
	at org.junit.runners.ParentRunner$3.run(ParentRunner.java:290) [junit-4.12.jar:4.12]
	at org.junit.runners.ParentRunner$1.schedule(ParentRunner.java:71) [junit-4.12.jar:4.12]
	at org.junit.runners.ParentRunner.runChildren(ParentRunner.java:288) [junit-4.12.jar:4.12]
	at org.junit.runners.ParentRunner.access$000(ParentRunner.java:58) [junit-4.12.jar:4.12]
	at org.junit.runners.ParentRunner$2.evaluate(ParentRunner.java:268) [junit-4.12.jar:4.12]
	at org.junit.internal.runners.statements.RunBefores.evaluate(RunBefores.java:26) [junit-4.12.jar:4.12]
	at org.junit.runners.ParentRunner.run(ParentRunner.java:363) [junit-4.12.jar:4.12]
	at org.eclipse.jdt.internal.junit4.runner.JUnit4TestReference.run(JUnit4TestReference.java:86) [.cp/:?]
	at org.eclipse.jdt.internal.junit.runner.TestExecution.run(TestExecution.java:38) [.cp/:?]
	at org.eclipse.jdt.internal.junit.runner.RemoteTestRunner.runTests(RemoteTestRunner.java:459) [.cp/:?]
	at org.eclipse.jdt.internal.junit.runner.RemoteTestRunner.runTests(RemoteTestRunner.java:678) [.cp/:?]
	at org.eclipse.jdt.internal.junit.runner.RemoteTestRunner.run(RemoteTestRunner.java:382) [.cp/:?]
	at org.eclipse.jdt.internal.junit.runner.RemoteTestRunner.main(RemoteTestRunner.java:192) [.cp/:?]
[DEBUG] 2017-02-21 11:46:18.174 [main] MainAppProperties - This is a debug message
[INFO ] 2017-02-21 11:46:18.176 [main] MainAppProperties - This is an info message
[WARN ] 2017-02-21 11:46:18.176 [main] MainAppProperties - This is a warn message
[ERROR] 2017-02-21 11:46:18.176 [main] MainAppProperties - This is an error message
[FATAL] 2017-02-21 11:46:18.176 [main] MainAppProperties - This is a fatal message
